Connecting to database specified by database.yml
Connecting to database specified by database.yml


Started GET "/assets/rails.png" for 180.160.159.21 at 2015-06-09 20:16:07 +0800
Served asset /rails.png - 200 OK (5ms)
Connecting to database specified by database.yml
Connecting to database specified by database.yml


Started POST "/tokens/post" for 127.0.0.1 at 2015-06-10 00:32:59 +0800
Connecting to database specified by database.yml

SyntaxError (/home/think/Car/Car/app/controllers/tokens_controller.rb:52: invalid multibyte char (US-ASCII)
/home/think/Car/Car/app/controllers/tokens_controller.rb:52: invalid multibyte char (US-ASCII)
/home/think/Car/Car/app/controllers/tokens_controller.rb:52: syntax error, unexpected $end, expecting '}'
				:content => "æ‚¨æœ‰æ–°çš„è®¢å•!"
				               ^):
  activesupport (3.2.8) lib/active_support/dependencies.rb:469:in `load'
  activesupport (3.2.8) lib/active_support/dependencies.rb:469:in `block in load_file'
  activesupport (3.2.8) lib/active_support/dependencies.rb:639:in `new_constants_in'
  activesupport (3.2.8) lib/active_support/dependencies.rb:468:in `load_file'
  activesupport (3.2.8) lib/active_support/dependencies.rb:353:in `require_or_load'
  activesupport (3.2.8) lib/active_support/dependencies.rb:502:in `load_missing_constant'
  activesupport (3.2.8) lib/active_support/dependencies.rb:192:in `block in const_missing'
  activesupport (3.2.8) lib/active_support/dependencies.rb:190:in `each'
  activesupport (3.2.8) lib/active_support/dependencies.rb:190:in `const_missing'
  activesupport (3.2.8) lib/active_support/inflector/methods.rb:230:in `block in constantize'
  activesupport (3.2.8) lib/active_support/inflector/methods.rb:229:in `each'
  activesupport (3.2.8) lib/active_support/inflector/methods.rb:229:in `constantize'
  activesupport (3.2.8) lib/active_support/dependencies.rb:554:in `get'
  actionpack (3.2.8) lib/action_dispatch/routing/route_set.rb:69:in `controller_reference'
  actionpack (3.2.8) lib/action_dispatch/routing/route_set.rb:54:in `controller'
  actionpack (3.2.8) lib/action_dispatch/routing/route_set.rb:32:in `call'
  journey (1.0.4) lib/journey/router.rb:68:in `block in call'
  journey (1.0.4) lib/journey/router.rb:56:in `each'
  journey (1.0.4) lib/journey/router.rb:56:in `call'
  actionpack (3.2.8) lib/action_dispatch/routing/route_set.rb:600:in `call'
  actionpack (3.2.8) lib/action_dispatch/middleware/best_standards_support.rb:17:in `call'
  rack (1.4.5) lib/rack/etag.rb:23:in `call'
  rack (1.4.5) lib/rack/conditionalget.rb:35:in `call'
  actionpack (3.2.8) lib/action_dispatch/middleware/head.rb:14:in `call'
  actionpack (3.2.8) lib/action_dispatch/middleware/params_parser.rb:21:in `call'
  actionpack (3.2.8) lib/action_dispatch/middleware/flash.rb:242:in `call'
  rack (1.4.5) lib/rack/session/abstract/id.rb:210:in `context'
  rack (1.4.5) lib/rack/session/abstract/id.rb:205:in `call'
  actionpack (3.2.8) lib/action_dispatch/middleware/cookies.rb:339:in `call'
  activerecord (3.2.8) lib/active_record/query_cache.rb:64:in `call'
  activerecord (3.2.8) lib/active_record/connection_adapters/abstract/connection_pool.rb:473:in `call'
  actionpack (3.2.8) lib/action_dispatch/middleware/callbacks.rb:28:in `block in call'
  activesupport (3.2.8) lib/active_support/callbacks.rb:405:in `_run__250220331__call__664078475__callbacks'
  activesupport (3.2.8) lib/active_support/callbacks.rb:405:in `__run_callback'
  activesupport (3.2.8) lib/active_support/callbacks.rb:385:in `_run_call_callbacks'
  activesupport (3.2.8) lib/active_support/callbacks.rb:81:in `run_callbacks'
  actionpack (3.2.8) lib/action_dispatch/middleware/callbacks.rb:27:in `call'
  actionpack (3.2.8) lib/action_dispatch/middleware/reloader.rb:65:in `call'
  actionpack (3.2.8) lib/action_dispatch/middleware/remote_ip.rb:31:in `call'
  actionpack (3.2.8) lib/action_dispatch/middleware/debug_exceptions.rb:16:in `call'
  actionpack (3.2.8) lib/action_dispatch/middleware/show_exceptions.rb:56:in `call'
  railties (3.2.8) lib/rails/rack/logger.rb:26:in `call_app'
  railties (3.2.8) lib/rails/rack/logger.rb:16:in `call'
  actionpack (3.2.8) lib/action_dispatch/middleware/request_id.rb:22:in `call'
  rack (1.4.5) lib/rack/methodoverride.rb:21:in `call'
  rack (1.4.5) lib/rack/runtime.rb:17:in `call'
  activesupport (3.2.8) lib/active_support/cache/strategy/local_cache.rb:72:in `call'
  rack (1.4.5) lib/rack/lock.rb:15:in `call'
  actionpack (3.2.8) lib/action_dispatch/middleware/static.rb:62:in `call'
  railties (3.2.8) lib/rails/engine.rb:479:in `call'
  railties (3.2.8) lib/rails/application.rb:223:in `call'
  rack (1.4.5) lib/rack/content_length.rb:14:in `call'
  railties (3.2.8) lib/rails/rack/log_tailer.rb:17:in `call'
  rack (1.4.5) lib/rack/handler/webrick.rb:59:in `service'
  /home/think/.rvm/rubies/ruby-1.9.3-p448/lib/ruby/1.9.1/webrick/httpserver.rb:138:in `service'
  /home/think/.rvm/rubies/ruby-1.9.3-p448/lib/ruby/1.9.1/webrick/httpserver.rb:94:in `run'
  /home/think/.rvm/rubies/ruby-1.9.3-p448/lib/ruby/1.9.1/webrick/server.rb:191:in `block in start_thread'


  Rendered /home/think/.rvm/gems/ruby-1.9.3-p448@rails3/gems/actionpack-3.2.8/lib/action_dispatch/middleware/templates/rescues/diagnostics.erb within rescues/layout (40.8ms)


Started POST "/tokens/post" for 127.0.0.1 at 2015-06-10 00:35:44 +0800

SyntaxError (/home/think/Car/Car/app/controllers/tokens_controller.rb:47: syntax error, unexpected tASSOC, expecting keyword_end
		json => {
		       ^
/home/think/Car/Car/app/controllers/tokens_controller.rb:52: invalid multibyte char (US-ASCII)
/home/think/Car/Car/app/controllers/tokens_controller.rb:52: invalid multibyte char (US-ASCII)
/home/think/Car/Car/app/controllers/tokens_controller.rb:52: syntax error, unexpected $end, expecting '}'
			:content => "æ‚¨æœ‰æ–°çš„è®¢å•!"
			               ^):
  activesupport (3.2.8) lib/active_support/dependencies.rb:469:in `load'
  activesupport (3.2.8) lib/active_support/dependencies.rb:469:in `block in load_file'
  activesupport (3.2.8) lib/active_support/dependencies.rb:639:in `new_constants_in'
  activesupport (3.2.8) lib/active_support/dependencies.rb:468:in `load_file'
  activesupport (3.2.8) lib/active_support/dependencies.rb:353:in `require_or_load'
  activesupport (3.2.8) lib/active_support/dependencies.rb:502:in `load_missing_constant'
  activesupport (3.2.8) lib/active_support/dependencies.rb:192:in `block in const_missing'
  activesupport (3.2.8) lib/active_support/dependencies.rb:190:in `each'
  activesupport (3.2.8) lib/active_support/dependencies.rb:190:in `const_missing'
  activesupport (3.2.8) lib/active_support/inflector/methods.rb:230:in `block in constantize'
  activesupport (3.2.8) lib/active_support/inflector/methods.rb:229:in `each'
  activesupport (3.2.8) lib/active_support/inflector/methods.rb:229:in `constantize'
  activesupport (3.2.8) lib/active_support/dependencies.rb:554:in `get'
  actionpack (3.2.8) lib/action_dispatch/routing/route_set.rb:69:in `controller_reference'
  actionpack (3.2.8) lib/action_dispatch/routing/route_set.rb:54:in `controller'
  actionpack (3.2.8) lib/action_dispatch/routing/route_set.rb:32:in `call'
  journey (1.0.4) lib/journey/router.rb:68:in `block in call'
  journey (1.0.4) lib/journey/router.rb:56:in `each'
  journey (1.0.4) lib/journey/router.rb:56:in `call'
  actionpack (3.2.8) lib/action_dispatch/routing/route_set.rb:600:in `call'
  actionpack (3.2.8) lib/action_dispatch/middleware/best_standards_support.rb:17:in `call'
  rack (1.4.5) lib/rack/etag.rb:23:in `call'
  rack (1.4.5) lib/rack/conditionalget.rb:35:in `call'
  actionpack (3.2.8) lib/action_dispatch/middleware/head.rb:14:in `call'
  actionpack (3.2.8) lib/action_dispatch/middleware/params_parser.rb:21:in `call'
  actionpack (3.2.8) lib/action_dispatch/middleware/flash.rb:242:in `call'
  rack (1.4.5) lib/rack/session/abstract/id.rb:210:in `context'
  rack (1.4.5) lib/rack/session/abstract/id.rb:205:in `call'
  actionpack (3.2.8) lib/action_dispatch/middleware/cookies.rb:339:in `call'
  activerecord (3.2.8) lib/active_record/query_cache.rb:64:in `call'
  activerecord (3.2.8) lib/active_record/connection_adapters/abstract/connection_pool.rb:473:in `call'
  actionpack (3.2.8) lib/action_dispatch/middleware/callbacks.rb:28:in `block in call'
  activesupport (3.2.8) lib/active_support/callbacks.rb:405:in `_run__250220331__call__664078475__callbacks'
  activesupport (3.2.8) lib/active_support/callbacks.rb:405:in `__run_callback'
  activesupport (3.2.8) lib/active_support/callbacks.rb:385:in `_run_call_callbacks'
  activesupport (3.2.8) lib/active_support/callbacks.rb:81:in `run_callbacks'
  actionpack (3.2.8) lib/action_dispatch/middleware/callbacks.rb:27:in `call'
  actionpack (3.2.8) lib/action_dispatch/middleware/reloader.rb:65:in `call'
  actionpack (3.2.8) lib/action_dispatch/middleware/remote_ip.rb:31:in `call'
  actionpack (3.2.8) lib/action_dispatch/middleware/debug_exceptions.rb:16:in `call'
  actionpack (3.2.8) lib/action_dispatch/middleware/show_exceptions.rb:56:in `call'
  railties (3.2.8) lib/rails/rack/logger.rb:26:in `call_app'
  railties (3.2.8) lib/rails/rack/logger.rb:16:in `call'
  actionpack (3.2.8) lib/action_dispatch/middleware/request_id.rb:22:in `call'
  rack (1.4.5) lib/rack/methodoverride.rb:21:in `call'
  rack (1.4.5) lib/rack/runtime.rb:17:in `call'
  activesupport (3.2.8) lib/active_support/cache/strategy/local_cache.rb:72:in `call'
  rack (1.4.5) lib/rack/lock.rb:15:in `call'
  actionpack (3.2.8) lib/action_dispatch/middleware/static.rb:62:in `call'
  railties (3.2.8) lib/rails/engine.rb:479:in `call'
  railties (3.2.8) lib/rails/application.rb:223:in `call'
  rack (1.4.5) lib/rack/content_length.rb:14:in `call'
  railties (3.2.8) lib/rails/rack/log_tailer.rb:17:in `call'
  rack (1.4.5) lib/rack/handler/webrick.rb:59:in `service'
  /home/think/.rvm/rubies/ruby-1.9.3-p448/lib/ruby/1.9.1/webrick/httpserver.rb:138:in `service'
  /home/think/.rvm/rubies/ruby-1.9.3-p448/lib/ruby/1.9.1/webrick/httpserver.rb:94:in `run'
  /home/think/.rvm/rubies/ruby-1.9.3-p448/lib/ruby/1.9.1/webrick/server.rb:191:in `block in start_thread'


  Rendered /home/think/.rvm/gems/ruby-1.9.3-p448@rails3/gems/actionpack-3.2.8/lib/action_dispatch/middleware/templates/rescues/diagnostics.erb within rescues/layout (3.7ms)


Started POST "/tokens/post" for 127.0.0.1 at 2015-06-10 00:37:09 +0800

SyntaxError (/home/think/Car/Car/app/controllers/tokens_controller.rb:52: invalid multibyte char (US-ASCII)
/home/think/Car/Car/app/controllers/tokens_controller.rb:52: invalid multibyte char (US-ASCII)
/home/think/Car/Car/app/controllers/tokens_controller.rb:52: syntax error, unexpected $end, expecting '}'
			:content => "æ‚¨æœ‰æ–°çš„è®¢å•!"
			               ^):
  activesupport (3.2.8) lib/active_support/dependencies.rb:469:in `load'
  activesupport (3.2.8) lib/active_support/dependencies.rb:469:in `block in load_file'
  activesupport (3.2.8) lib/active_support/dependencies.rb:639:in `new_constants_in'
  activesupport (3.2.8) lib/active_support/dependencies.rb:468:in `load_file'
  activesupport (3.2.8) lib/active_support/dependencies.rb:353:in `require_or_load'
  activesupport (3.2.8) lib/active_support/dependencies.rb:502:in `load_missing_constant'
  activesupport (3.2.8) lib/active_support/dependencies.rb:192:in `block in const_missing'
  activesupport (3.2.8) lib/active_support/dependencies.rb:190:in `each'
  activesupport (3.2.8) lib/active_support/dependencies.rb:190:in `const_missing'
  activesupport (3.2.8) lib/active_support/inflector/methods.rb:230:in `block in constantize'
  activesupport (3.2.8) lib/active_support/inflector/methods.rb:229:in `each'
  activesupport (3.2.8) lib/active_support/inflector/methods.rb:229:in `constantize'
  activesupport (3.2.8) lib/active_support/dependencies.rb:554:in `get'
  actionpack (3.2.8) lib/action_dispatch/routing/route_set.rb:69:in `controller_reference'
  actionpack (3.2.8) lib/action_dispatch/routing/route_set.rb:54:in `controller'
  actionpack (3.2.8) lib/action_dispatch/routing/route_set.rb:32:in `call'
  journey (1.0.4) lib/journey/router.rb:68:in `block in call'
  journey (1.0.4) lib/journey/router.rb:56:in `each'
  journey (1.0.4) lib/journey/router.rb:56:in `call'
  actionpack (3.2.8) lib/action_dispatch/routing/route_set.rb:600:in `call'
  actionpack (3.2.8) lib/action_dispatch/middleware/best_standards_support.rb:17:in `call'
  rack (1.4.5) lib/rack/etag.rb:23:in `call'
  rack (1.4.5) lib/rack/conditionalget.rb:35:in `call'
  actionpack (3.2.8) lib/action_dispatch/middleware/head.rb:14:in `call'
  actionpack (3.2.8) lib/action_dispatch/middleware/params_parser.rb:21:in `call'
  actionpack (3.2.8) lib/action_dispatch/middleware/flash.rb:242:in `call'
  rack (1.4.5) lib/rack/session/abstract/id.rb:210:in `context'
  rack (1.4.5) lib/rack/session/abstract/id.rb:205:in `call'
  actionpack (3.2.8) lib/action_dispatch/middleware/cookies.rb:339:in `call'
  activerecord (3.2.8) lib/active_record/query_cache.rb:64:in `call'
  activerecord (3.2.8) lib/active_record/connection_adapters/abstract/connection_pool.rb:473:in `call'
  actionpack (3.2.8) lib/action_dispatch/middleware/callbacks.rb:28:in `block in call'
  activesupport (3.2.8) lib/active_support/callbacks.rb:405:in `_run__250220331__call__664078475__callbacks'
  activesupport (3.2.8) lib/active_support/callbacks.rb:405:in `__run_callback'
  activesupport (3.2.8) lib/active_support/callbacks.rb:385:in `_run_call_callbacks'
  activesupport (3.2.8) lib/active_support/callbacks.rb:81:in `run_callbacks'
  actionpack (3.2.8) lib/action_dispatch/middleware/callbacks.rb:27:in `call'
  actionpack (3.2.8) lib/action_dispatch/middleware/reloader.rb:65:in `call'
  actionpack (3.2.8) lib/action_dispatch/middleware/remote_ip.rb:31:in `call'
  actionpack (3.2.8) lib/action_dispatch/middleware/debug_exceptions.rb:16:in `call'
  actionpack (3.2.8) lib/action_dispatch/middleware/show_exceptions.rb:56:in `call'
  railties (3.2.8) lib/rails/rack/logger.rb:26:in `call_app'
  railties (3.2.8) lib/rails/rack/logger.rb:16:in `call'
  actionpack (3.2.8) lib/action_dispatch/middleware/request_id.rb:22:in `call'
  rack (1.4.5) lib/rack/methodoverride.rb:21:in `call'
  rack (1.4.5) lib/rack/runtime.rb:17:in `call'
  activesupport (3.2.8) lib/active_support/cache/strategy/local_cache.rb:72:in `call'
  rack (1.4.5) lib/rack/lock.rb:15:in `call'
  actionpack (3.2.8) lib/action_dispatch/middleware/static.rb:62:in `call'
  railties (3.2.8) lib/rails/engine.rb:479:in `call'
  railties (3.2.8) lib/rails/application.rb:223:in `call'
  rack (1.4.5) lib/rack/content_length.rb:14:in `call'
  railties (3.2.8) lib/rails/rack/log_tailer.rb:17:in `call'
  rack (1.4.5) lib/rack/handler/webrick.rb:59:in `service'
  /home/think/.rvm/rubies/ruby-1.9.3-p448/lib/ruby/1.9.1/webrick/httpserver.rb:138:in `service'
  /home/think/.rvm/rubies/ruby-1.9.3-p448/lib/ruby/1.9.1/webrick/httpserver.rb:94:in `run'
  /home/think/.rvm/rubies/ruby-1.9.3-p448/lib/ruby/1.9.1/webrick/server.rb:191:in `block in start_thread'


  Rendered /home/think/.rvm/gems/ruby-1.9.3-p448@rails3/gems/actionpack-3.2.8/lib/action_dispatch/middleware/templates/rescues/diagnostics.erb within rescues/layout (4.5ms)


Started POST "/tokens/post" for 127.0.0.1 at 2015-06-10 00:37:51 +0800
Processing by TokensController#post as */*
WARNING: Can't verify CSRF token authenticity
Completed 500 Internal Server Error in 5305ms

ActionView::MissingTemplate (Missing template tokens/è½¦è¾†é¢„å®šæˆåŠŸ, application/è½¦è¾†é¢„å®šæˆåŠŸ with {:locale=>[:en], :formats=>[:html, :text, :js, :css, :ics, :csv, :png, :jpeg, :gif, :bmp, :tiff, :mpeg, :xml, :rss, :atom, :yaml, :multipart_form, :url_encoded_form, :json, :pdf, :zip], :handlers=>[:erb, :builder, :jbuilder]}. Searched in:
  * "/home/think/Car/Car/app/views"
):
  app/controllers/tokens_controller.rb:62:in `post'


  Rendered /home/think/.rvm/gems/ruby-1.9.3-p448@rails3/gems/actionpack-3.2.8/lib/action_dispatch/middleware/templates/rescues/missing_template.erb within rescues/layout (0.5ms)


Started POST "/tokens/post" for 127.0.0.1 at 2015-06-10 00:39:25 +0800
Processing by TokensController#post as */*
WARNING: Can't verify CSRF token authenticity
  Rendered text template (0.0ms)
Completed 200 OK in 165ms (Views: 5.3ms | ActiveRecord: 0.0ms)


Started POST "/tokens/post" for 127.0.0.1 at 2015-06-10 00:44:24 +0800
Connecting to database specified by database.yml
Processing by TokensController#post as */*
WARNING: Can't verify CSRF token authenticity
  Rendered text template (0.0ms)
Completed 200 OK in 210ms (Views: 43.4ms | ActiveRecord: 0.0ms)
Connecting to database specified by database.yml


Started POST "/tokens/post" for 127.0.0.1 at 2015-06-10 01:01:13 +0800
Connecting to database specified by database.yml
Processing by TokensController#post as */*
WARNING: Can't verify CSRF token authenticity
  Rendered text template (0.0ms)
Completed 200 OK in 269ms (Views: 42.6ms | ActiveRecord: 0.0ms)


Started POST "/tokens/post" for 127.0.0.1 at 2015-06-10 01:02:58 +0800
Processing by TokensController#post as */*
WARNING: Can't verify CSRF token authenticity
  Rendered text template (0.0ms)
Completed 200 OK in 222ms (Views: 28.1ms | ActiveRecord: 0.0ms)


Started POST "/tokens/post" for 127.0.0.1 at 2015-06-10 01:05:12 +0800
Processing by TokensController#post as */*
WARNING: Can't verify CSRF token authenticity
  Rendered text template (0.0ms)
Completed 200 OK in 176ms (Views: 2.0ms | ActiveRecord: 0.0ms)


Started POST "/tokens/post" for 127.0.0.1 at 2015-06-10 01:11:23 +0800
Processing by TokensController#post as */*
WARNING: Can't verify CSRF token authenticity
  Rendered text template (0.0ms)
Completed 200 OK in 553ms (Views: 1.9ms | ActiveRecord: 0.0ms)


Started POST "/tokens/post" for 127.0.0.1 at 2015-06-10 01:13:46 +0800
Processing by TokensController#post as */*
WARNING: Can't verify CSRF token authenticity
Completed 500 Internal Server Error in 5089ms

JSON::GeneratorError (only generation of JSON objects or arrays allowed):
  app/controllers/tokens_controller.rb:59:in `post'


  Rendered /home/think/.rvm/gems/ruby-1.9.3-p448@rails3/gems/actionpack-3.2.8/lib/action_dispatch/middleware/templates/rescues/_trace.erb (1.6ms)
  Rendered /home/think/.rvm/gems/ruby-1.9.3-p448@rails3/gems/actionpack-3.2.8/lib/action_dispatch/middleware/templates/rescues/_request_and_response.erb (2.6ms)
  Rendered /home/think/.rvm/gems/ruby-1.9.3-p448@rails3/gems/actionpack-3.2.8/lib/action_dispatch/middleware/templates/rescues/diagnostics.erb within rescues/layout (77.8ms)


Started POST "/tokens/post" for 127.0.0.1 at 2015-06-10 01:14:35 +0800
Processing by TokensController#post as */*
WARNING: Can't verify CSRF token authenticity
  Rendered text template (0.0ms)
Completed 200 OK in 188ms (Views: 1.9ms | ActiveRecord: 0.0ms)
Connecting to database specified by database.yml
Connecting to database specified by database.yml
Connecting to database specified by database.yml
Connecting to database specified by database.yml
  [1m[36m (23.9ms)[0m  [1mSELECT `schema_migrations`.`version` FROM `schema_migrations` [0m
Migrating to CreateInfomations (20150610130545)
Connecting to database specified by database.yml
  [1m[36m (15.4ms)[0m  [1mSELECT `schema_migrations`.`version` FROM `schema_migrations` [0m
Migrating to CreateInfomations (20150610130545)
  [1m[35m (42.3ms)[0m  CREATE TABLE `infomations` (`id` int(11) DEFAULT NULL auto_increment PRIMARY KEY, `name` varchar(255), `phone` varchar(255), `start_time` varchar(255), `start` varchar(255), `end` varchar(255), `driver` varchar(255), `created_at` datetime NOT NULL, `updated_at` datetime NOT NULL) ENGINE=InnoDB
  [1m[36m (9.9ms)[0m  [1mINSERT INTO `schema_migrations` (`version`) VALUES ('20150610130545')[0m
  [1m[35m (10.4ms)[0m  SELECT `schema_migrations`.`version` FROM `schema_migrations` 
Connecting to database specified by database.yml


Started POST "/tokens/post" for 127.0.0.1 at 2015-06-10 21:13:05 +0800
Connecting to database specified by database.yml
Processing by TokensController#post as */*
WARNING: Can't verify CSRF token authenticity
  [1m[36m (9.8ms)[0m  [1mBEGIN[0m
  [1m[35mSQL (9.2ms)[0m  INSERT INTO `infomations` (`created_at`, `driver`, `end`, `name`, `phone`, `start`, `start_time`, `updated_at`) VALUES ('2015-06-10 13:13:06', NULL, 'äººæ°‘å¹¿åœº', 'å¼ ä¸‰', '13800138000', 'æµ·æ´‹å¤§å­¦ä¸´æ¸¯æ ¡åŒº', '2015-06-10 13:13:06', '2015-06-10 13:13:06')
  [1m[36m (10.2ms)[0m  [1mCOMMIT[0m
  Rendered text template (0.0ms)
Completed 200 OK in 496ms (Views: 43.0ms | ActiveRecord: 58.9ms)
Connecting to database specified by database.yml


Started POST "/tokens/ready" for 127.0.0.1 at 2015-06-10 21:14:31 +0800
Processing by TokensController#ready as */*
WARNING: Can't verify CSRF token authenticity
  Rendered text template (0.0ms)
Completed 200 OK in 258ms (Views: 1.9ms | ActiveRecord: 0.0ms)


Started POST "/tokens/ready" for 127.0.0.1 at 2015-06-10 21:15:17 +0800
Processing by TokensController#ready as */*
WARNING: Can't verify CSRF token authenticity
  Rendered text template (0.0ms)
Completed 200 OK in 217ms (Views: 2.9ms | ActiveRecord: 0.0ms)
